1587067318.144246 client started (22285): version 2.6, socket /tmp/tmux-1000/default, protocol 8
1587067318.144315 on Linux 4.4.0-18362-Microsoft #476-Microsoft Fri Nov 01 16:53:00 PST 2019; libevent 2.1.8-stable (poll)
1587067318.144345 socket is /tmp/tmux-1000/default
1587067318.144364 trying connect
1587067318.144453 add peer 0x7fffe77d8280: 6 ((nil))
1587067318.144549 sending message 100 to peer 0x7fffe77d8280 (4 bytes)
1587067318.144569 sending message 101 to peer 0x7fffe77d8280 (12 bytes)
1587067318.144703 sending message 102 to peer 0x7fffe77d8280 (11 bytes)
1587067318.144721 sending message 108 to peer 0x7fffe77d8280 (22 bytes)
1587067318.144774 sending message 104 to peer 0x7fffe77d8280 (0 bytes)
1587067318.144790 sending message 107 to peer 0x7fffe77d8280 (4 bytes)
1587067318.144798 sending message 105 to peer 0x7fffe77d8280 (66 bytes)
1587067318.144806 sending message 105 to peer 0x7fffe77d8280 (19 bytes)
1587067318.144814 sending message 105 to peer 0x7fffe77d8280 (33 bytes)
1587067318.144822 sending message 105 to peer 0x7fffe77d8280 (50 bytes)
1587067318.144830 sending message 105 to peer 0x7fffe77d8280 (20 bytes)
1587067318.144838 sending message 105 to peer 0x7fffe77d8280 (36 bytes)
1587067318.144845 sending message 105 to peer 0x7fffe77d8280 (42 bytes)
1587067318.144853 sending message 105 to peer 0x7fffe77d8280 (20 bytes)
1587067318.144861 sending message 105 to peer 0x7fffe77d8280 (41 bytes)
1587067318.144868 sending message 105 to peer 0x7fffe77d8280 (19 bytes)
1587067318.144877 sending message 105 to peer 0x7fffe77d8280 (13 bytes)
1587067318.144884 sending message 105 to peer 0x7fffe77d8280 (27 bytes)
1587067318.144892 sending message 105 to peer 0x7fffe77d8280 (40 bytes)
1587067318.144899 sending message 105 to peer 0x7fffe77d8280 (11 bytes)
1587067318.144907 sending message 105 to peer 0x7fffe77d8280 (13 bytes)
1587067318.144920 sending message 105 to peer 0x7fffe77d8280 (11 bytes)
1587067318.144928 sending message 105 to peer 0x7fffe77d8280 (27 bytes)
1587067318.144936 sending message 105 to peer 0x7fffe77d8280 (42 bytes)
1587067318.144945 sending message 105 to peer 0x7fffe77d8280 (18 bytes)
1587067318.144953 sending message 105 to peer 0x7fffe77d8280 (16 bytes)
1587067318.144961 sending message 105 to peer 0x7fffe77d8280 (47 bytes)
1587067318.144969 sending message 105 to peer 0x7fffe77d8280 (44 bytes)
1587067318.144976 sending message 105 to peer 0x7fffe77d8280 (41 bytes)
1587067318.144984 sending message 105 to peer 0x7fffe77d8280 (18 bytes)
1587067318.144992 sending message 105 to peer 0x7fffe77d8280 (17 bytes)
1587067318.145000 sending message 105 to peer 0x7fffe77d8280 (8 bytes)
1587067318.145007 sending message 105 to peer 0x7fffe77d8280 (34 bytes)
1587067318.145015 sending message 105 to peer 0x7fffe77d8280 (32 bytes)
1587067318.145023 sending message 105 to peer 0x7fffe77d8280 (24 bytes)
1587067318.145034 sending message 105 to peer 0x7fffe77d8280 (15 bytes)
1587067318.145042 sending message 105 to peer 0x7fffe77d8280 (32 bytes)
1587067318.145049 sending message 105 to peer 0x7fffe77d8280 (1187 bytes)
1587067318.145063 sending message 105 to peer 0x7fffe77d8280 (38 bytes)
1587067318.145071 sending message 105 to peer 0x7fffe77d8280 (35 bytes)
1587067318.145078 sending message 105 to peer 0x7fffe77d8280 (47 bytes)
1587067318.145086 sending message 105 to peer 0x7fffe77d8280 (21 bytes)
1587067318.145094 sending message 105 to peer 0x7fffe77d8280 (28 bytes)
1587067318.145101 sending message 105 to peer 0x7fffe77d8280 (38 bytes)
1587067318.145109 sending message 105 to peer 0x7fffe77d8280 (26 bytes)
1587067318.145117 sending message 105 to peer 0x7fffe77d8280 (29 bytes)
1587067318.145124 sending message 105 to peer 0x7fffe77d8280 (10 bytes)
1587067318.145132 sending message 105 to peer 0x7fffe77d8280 (12 bytes)
1587067318.145140 sending message 105 to peer 0x7fffe77d8280 (11 bytes)
1587067318.145147 sending message 105 to peer 0x7fffe77d8280 (2151 bytes)
1587067318.145156 sending message 105 to peer 0x7fffe77d8280 (38 bytes)
1587067318.145163 sending message 105 to peer 0x7fffe77d8280 (26 bytes)
1587067318.145198 sending message 105 to peer 0x7fffe77d8280 (32 bytes)
1587067318.145207 sending message 105 to peer 0x7fffe77d8280 (29 bytes)
1587067318.145215 sending message 105 to peer 0x7fffe77d8280 (40 bytes)
1587067318.145223 sending message 105 to peer 0x7fffe77d8280 (35 bytes)
1587067318.145230 sending message 105 to peer 0x7fffe77d8280 (46 bytes)
1587067318.145238 sending message 105 to peer 0x7fffe77d8280 (54 bytes)
1587067318.145246 sending message 105 to peer 0x7fffe77d8280 (32 bytes)
1587067318.145254 sending message 105 to peer 0x7fffe77d8280 (24 bytes)
1587067318.145262 sending message 105 to peer 0x7fffe77d8280 (25 bytes)
1587067318.145269 sending message 105 to peer 0x7fffe77d8280 (15 bytes)
1587067318.145277 sending message 105 to peer 0x7fffe77d8280 (8 bytes)
1587067318.145285 sending message 105 to peer 0x7fffe77d8280 (17 bytes)
1587067318.145292 sending message 105 to peer 0x7fffe77d8280 (58 bytes)
1587067318.145300 sending message 105 to peer 0x7fffe77d8280 (19 bytes)
1587067318.145308 sending message 105 to peer 0x7fffe77d8280 (36 bytes)
1587067318.145315 sending message 105 to peer 0x7fffe77d8280 (13 bytes)
1587067318.145323 sending message 105 to peer 0x7fffe77d8280 (12 bytes)
1587067318.145331 sending message 105 to peer 0x7fffe77d8280 (34 bytes)
1587067318.145339 sending message 105 to peer 0x7fffe77d8280 (187 bytes)
1587067318.145347 sending message 105 to peer 0x7fffe77d8280 (32 bytes)
1587067318.145355 sending message 105 to peer 0x7fffe77d8280 (17 bytes)
1587067318.145363 sending message 105 to peer 0x7fffe77d8280 (8 bytes)
1587067318.145372 sending message 105 to peer 0x7fffe77d8280 (29 bytes)
1587067318.145379 sending message 105 to peer 0x7fffe77d8280 (65 bytes)
1587067318.145387 sending message 105 to peer 0x7fffe77d8280 (28 bytes)
1587067318.145395 sending message 105 to peer 0x7fffe77d8280 (40 bytes)
1587067318.145402 sending message 105 to peer 0x7fffe77d8280 (30 bytes)
1587067318.145410 sending message 105 to peer 0x7fffe77d8280 (16 bytes)
1587067318.145419 sending message 105 to peer 0x7fffe77d8280 (76 bytes)
1587067318.145427 sending message 105 to peer 0x7fffe77d8280 (19 bytes)
1587067318.145435 sending message 105 to peer 0x7fffe77d8280 (25 bytes)
1587067318.145442 sending message 105 to peer 0x7fffe77d8280 (20 bytes)
1587067318.145450 sending message 105 to peer 0x7fffe77d8280 (20 bytes)
1587067318.145458 sending message 105 to peer 0x7fffe77d8280 (27 bytes)
1587067318.145465 sending message 105 to peer 0x7fffe77d8280 (33 bytes)
1587067318.145473 sending message 105 to peer 0x7fffe77d8280 (35 bytes)
1587067318.145481 sending message 105 to peer 0x7fffe77d8280 (25 bytes)
1587067318.145488 sending message 105 to peer 0x7fffe77d8280 (27 bytes)
1587067318.145496 sending message 105 to peer 0x7fffe77d8280 (16 bytes)
1587067318.145504 sending message 106 to peer 0x7fffe77d8280 (0 bytes)
1587067318.145514 sending message 200 to peer 0x7fffe77d8280 (4 bytes)
1587067318.145521 client loop enter
1587067318.148095 peer 0x7fffe77d8280 message 211
1587067318.148146 peer 0x7fffe77d8280 message 203
1587067318.148160 client loop exit
